<?xml version="1.0" encoding="UTF-8"?>
<!-- Generated by org.testng.reporters.JUnitReportReporter -->
<testsuite skipped="0" hostname="DESKTOP-B88TDQB" name="com.automation.test.LoginTest" tests="1" failures="0" timestamp="2020-11-01T12:25:15 IST" time="25.123" errors="0">
  <testcase name="testOne" time="25.123" classname="com.automation.test.LoginTest"/>
  <system-out/>
</testsuite> <!-- com.automation.test.LoginTest -->
