<?xml version="1.0" encoding="UTF-8"?>
<!-- Generated by org.testng.reporters.JUnitReportReporter -->
<testsuite hostname="DESKTOP-B88TDQB" name="com.automation.test.BikeTest" tests="1" failures="0" timestamp="1 Nov 2020 09:41:37 GMT" time="20.746" errors="0">
  <testcase name="testOne" time="20.746" classname="com.automation.test.BikeTest"/>
</testsuite> <!-- com.automation.test.BikeTest -->
